# JRE version: OpenJDK Runtime Environment Microsoft-8552009 (17.0.9+8) (build 17.0.9+8-LTS)
# Java VM: OpenJDK 64-Bit Server VM Microsoft-8552009 (17.0.9+8-LTS, mixed mode, sharing, tiered, compressed oops, compressed class ptrs, g1 gc, windows-amd64)
GC Precious Log:
 CPUs: 8 total, 8 available
 Memory: 7591M
 Large Page Support: Disabled
 NUMA Support: Disabled
 Compressed Oops: Enabled (32-bit)
 Heap Region Size: 1M
 Heap Min Capacity: 8M
 Heap Initial Capacity: 120M
 Heap Max Capacity: 1898M
 Pre-touch: Disabled
 Parallel Workers: 8
 Concurrent Workers: 2
 Concurrent Refinement Workers: 8
 Periodic GC: Disabled
Heap:
 garbage-first heap   total 86016K, used 59025K [0x0000000089600000, 0x0000000100000000)
  region size 1024K, 35 young (35840K), 4 survivors (4096K)
 Metaspace       used 56029K, committed 56512K, reserved 1114112K
  class space    used 7446K, committed 7680K, reserved 1048576K
GC Heap History (20 events):
Event: 3.971 GC heap before
{Heap before GC invocations=8 (full 0):
 garbage-first heap   total 45056K, used 32960K [0x0000000089600000, 0x0000000100000000)
  region size 1024K, 21 young (21504K), 1 survivors (1024K)
 Metaspace       used 23302K, committed 23616K, reserved 1114112K
  class space    used 2912K, committed 3072K, reserved 1048576K
}
Event: 3.976 GC heap after
{Heap after GC invocations=9 (full 0):
 garbage-first heap   total 90112K, used 13332K [0x0000000089600000, 0x0000000100000000)
  region size 1024K, 2 young (2048K), 2 survivors (2048K)
 Metaspace       used 23302K, committed 23616K, reserved 1114112K
  class space    used 2912K, committed 3072K, reserved 1048576K
}
Event: 4.697 GC heap before
{Heap before GC invocations=9 (full 0):
 garbage-first heap   total 90112K, used 64532K [0x0000000089600000, 0x0000000100000000)
  region size 1024K, 52 young (53248K), 2 survivors (2048K)
 Metaspace       used 26528K, committed 26816K, reserved 1114112K
  class space    used 3342K, committed 3456K, reserved 1048576K
}
Event: 4.703 GC heap after
{Heap after GC invocations=10 (full 0):
 garbage-first heap   total 90112K, used 15078K [0x0000000089600000, 0x0000000100000000)
  region size 1024K, 4 young (4096K), 4 survivors (4096K)
 Metaspace       used 26528K, committed 26816K, reserved 1114112K
  class space    used 3342K, committed 3456K, reserved 1048576K
}
Event: 5.234 GC heap before
{Heap before GC invocations=10 (full 0):
 garbage-first heap   total 90112K, used 64230K [0x0000000089600000, 0x0000000100000000)
  region size 1024K, 52 young (53248K), 4 survivors (4096K)
 Metaspace       used 28688K, committed 29056K, reserved 1114112K
  class space    used 3722K, committed 3904K, reserved 1048576K
}
Event: 5.240 GC heap after
{Heap after GC invocations=11 (full 0):
 garbage-first heap   total 90112K, used 16065K [0x0000000089600000, 0x0000000100000000)
  region size 1024K, 5 young (5120K), 5 survivors (5120K)
 Metaspace       used 28688K, committed 29056K, reserved 1114112K
  class space    used 3722K, committed 3904K, reserved 1048576K
}
Event: 6.012 GC heap before
{Heap before GC invocations=11 (full 0):
 garbage-first heap   total 90112K, used 64193K [0x0000000089600000, 0x0000000100000000)
  region size 1024K, 52 young (53248K), 5 survivors (5120K)
 Metaspace       used 33784K, committed 34240K, reserved 1114112K
  class space    used 4393K, committed 4608K, reserved 1048576K
}
Event: 6.022 GC heap after
{Heap after GC invocations=12 (full 0):
 garbage-first heap   total 90112K, used 18656K [0x0000000089600000, 0x0000000100000000)
  region size 1024K, 6 young (6144K), 6 survivors (6144K)
 Metaspace       used 33784K, committed 34240K, reserved 1114112K
  class space    used 4393K, committed 4608K, reserved 1048576K
}
Event: 6.340 GC heap before
{Heap before GC invocations=12 (full 0):
 garbage-first heap   total 90112K, used 35040K [0x0000000089600000, 0x0000000100000000)
  region size 1024K, 23 young (23552K), 6 survivors (6144K)
 Metaspace       used 35596K, committed 35968K, reserved 1114112K
  class space    used 4651K, committed 4800K, reserved 1048576K
}
Event: 6.347 GC heap after
{Heap after GC invocations=13 (full 0):
 garbage-first heap   total 90112K, used 19327K [0x0000000089600000, 0x0000000100000000)
  region size 1024K, 5 young (5120K), 5 survivors (5120K)
 Metaspace       used 35596K, committed 35968K, reserved 1114112K
  class space    used 4651K, committed 4800K, reserved 1048576K
}
Event: 7.204 GC heap before
{Heap before GC invocations=14 (full 0):
 garbage-first heap   total 71680K, used 57215K [0x0000000089600000, 0x0000000100000000)
  region size 1024K, 42 young (43008K), 5 survivors (5120K)
 Metaspace       used 39666K, committed 40128K, reserved 1114112K
  class space    used 5303K, committed 5504K, reserved 1048576K
}
Event: 7.210 GC heap after
{Heap after GC invocations=15 (full 0):
 garbage-first heap   total 86016K, used 21423K [0x0000000089600000, 0x0000000100000000)
  region size 1024K, 4 young (4096K), 4 survivors (4096K)
 Metaspace       used 39666K, committed 40128K, reserved 1114112K
  class space    used 5303K, committed 5504K, reserved 1048576K
}
Event: 7.770 GC heap before
{Heap before GC invocations=15 (full 0):
 garbage-first heap   total 86016K, used 67503K [0x0000000089600000, 0x0000000100000000)
  region size 1024K, 49 young (50176K), 4 survivors (4096K)
 Metaspace       used 43527K, committed 44032K, reserved 1114112K
  class space    used 5827K, committed 6080K, reserved 1048576K
}
Event: 7.775 GC heap after
{Heap after GC invocations=16 (full 0):
 garbage-first heap   total 86016K, used 22715K [0x0000000089600000, 0x0000000100000000)
  region size 1024K, 5 young (5120K), 5 survivors (5120K)
 Metaspace       used 43527K, committed 44032K, reserved 1114112K
  class space    used 5827K, committed 6080K, reserved 1048576K
}
Event: 8.321 GC heap before
{Heap before GC invocations=16 (full 0):
 garbage-first heap   total 86016K, used 67771K [0x0000000089600000, 0x0000000100000000)
  region size 1024K, 49 young (50176K), 5 survivors (5120K)
 Metaspace       used 48303K, committed 48832K, reserved 1114112K
  class space    used 6395K, committed 6656K, reserved 1048576K
}
Event: 8.327 GC heap after
{Heap after GC invocations=17 (full 0):
 garbage-first heap   total 86016K, used 25442K [0x0000000089600000, 0x0000000100000000)
  region size 1024K, 7 young (7168K), 7 survivors (7168K)
 Metaspace       used 48303K, committed 48832K, reserved 1114112K
  class space    used 6395K, committed 6656K, reserved 1048576K
}
Event: 8.889 GC heap before
{Heap before GC invocations=17 (full 0):
 garbage-first heap   total 86016K, used 67426K [0x0000000089600000, 0x0000000100000000)
  region size 1024K, 48 young (49152K), 7 survivors (7168K)
 Metaspace       used 50901K, committed 51392K, reserved 1114112K
  class space    used 6779K, committed 7040K, reserved 1048576K
}
Event: 8.896 GC heap after
{Heap after GC invocations=18 (full 0):
 garbage-first heap   total 86016K, used 27183K [0x0000000089600000, 0x0000000100000000)
  region size 1024K, 5 young (5120K), 5 survivors (5120K)
 Metaspace       used 50901K, committed 51392K, reserved 1114112K
  class space    used 6779K, committed 7040K, reserved 1048576K
}
Event: 9.794 GC heap before
{Heap before GC invocations=18 (full 0):
 garbage-first heap   total 86016K, used 68143K [0x0000000089600000, 0x0000000100000000)
  region size 1024K, 45 young (46080K), 5 survivors (5120K)
 Metaspace       used 53345K, committed 53824K, reserved 1114112K
  class space    used 7133K, committed 7360K, reserved 1048576K
}
Event: 9.800 GC heap after
{Heap after GC invocations=19 (full 0):
 garbage-first heap   total 86016K, used 28305K [0x0000000089600000, 0x0000000100000000)
  region size 1024K, 4 young (4096K), 4 survivors (4096K)
 Metaspace       used 53345K, committed 53824K, reserved 1114112K
  class space    used 7133K, committed 7360K, reserved 1048576K
}

