# JRE version: OpenJDK Runtime Environment Microsoft-8552009 (17.0.9+8) (build 17.0.9+8-LTS)
# Java VM: OpenJDK 64-Bit Server VM Microsoft-8552009 (17.0.9+8-LTS, mixed mode, sharing, tiered, compressed oops, compressed class ptrs, g1 gc, windows-amd64)
GC Precious Log:
 CPUs: 8 total, 8 available
 Memory: 7591M
 Large Page Support: Disabled
 NUMA Support: Disabled
 Compressed Oops: Enabled (32-bit)
 Heap Region Size: 1M
 Heap Min Capacity: 8M
 Heap Initial Capacity: 120M
 Heap Max Capacity: 1898M
 Pre-touch: Disabled
 Parallel Workers: 8
 Concurrent Workers: 2
 Concurrent Refinement Workers: 8
 Periodic GC: Disabled
Heap:
 garbage-first heap   total 122880K, used 34182K [0x0000000089600000, 0x0000000100000000)
  region size 1024K, 30 young (30720K), 9 survivors (9216K)
 Metaspace       used 15640K, committed 15808K, reserved 1114112K
  class space    used 1853K, committed 1920K, reserved 1048576K
GC Heap History (6 events):
Event: 1.568 GC heap before
{Heap before GC invocations=0 (full 0):
 garbage-first heap   total 122880K, used 23552K [0x0000000089600000, 0x0000000100000000)
  region size 1024K, 23 young (23552K), 0 survivors (0K)
 Metaspace       used 5426K, committed 5632K, reserved 1114112K
  class space    used 655K, committed 768K, reserved 1048576K
}
Event: 1.574 GC heap after
{Heap after GC invocations=1 (full 0):
 garbage-first heap   total 122880K, used 3648K [0x0000000089600000, 0x0000000100000000)
  region size 1024K, 3 young (3072K), 3 survivors (3072K)
 Metaspace       used 5426K, committed 5632K, reserved 1114112K
  class space    used 655K, committed 768K, reserved 1048576K
}
Event: 2.291 GC heap before
{Heap before GC invocations=1 (full 0):
 garbage-first heap   total 122880K, used 35392K [0x0000000089600000, 0x0000000100000000)
  region size 1024K, 34 young (34816K), 3 survivors (3072K)
 Metaspace       used 9469K, committed 9600K, reserved 1114112K
  class space    used 1150K, committed 1216K, reserved 1048576K
}
Event: 2.298 GC heap after
{Heap after GC invocations=2 (full 0):
 garbage-first heap   total 122880K, used 5473K [0x0000000089600000, 0x0000000100000000)
  region size 1024K, 2 young (2048K), 2 survivors (2048K)
 Metaspace       used 9469K, committed 9600K, reserved 1114112K
  class space    used 1150K, committed 1216K, reserved 1048576K
}
Event: 4.350 GC heap before
{Heap before GC invocations=2 (full 0):
 garbage-first heap   total 122880K, used 77153K [0x0000000089600000, 0x0000000100000000)
  region size 1024K, 72 young (73728K), 2 survivors (2048K)
 Metaspace       used 15450K, committed 15616K, reserved 1114112K
  class space    used 1845K, committed 1920K, reserved 1048576K
}
Event: 4.366 GC heap after
{Heap after GC invocations=3 (full 0):
 garbage-first heap   total 122880K, used 13702K [0x0000000089600000, 0x0000000100000000)
  region size 1024K, 9 young (9216K), 9 survivors (9216K)
 Metaspace       used 15450K, committed 15616K, reserved 1114112K
  class space    used 1845K, committed 1920K, reserved 1048576K
}

