# JRE version: OpenJDK Runtime Environment Microsoft-8552009 (17.0.9+8) (build 17.0.9+8-LTS)
# Java VM: OpenJDK 64-Bit Server VM Microsoft-8552009 (17.0.9+8-LTS, mixed mode, sharing, tiered, compressed oops, compressed class ptrs, g1 gc, windows-amd64)
GC Precious Log:
 CPUs: 8 total, 8 available
 Memory: 7591M
 Large Page Support: Disabled
 NUMA Support: Disabled
 Compressed Oops: Enabled (32-bit)
 Heap Region Size: 1M
 Heap Min Capacity: 8M
 Heap Initial Capacity: 120M
 Heap Max Capacity: 1898M
 Pre-touch: Disabled
 Parallel Workers: 8
 Concurrent Workers: 2
 Concurrent Refinement Workers: 8
 Periodic GC: Disabled
Heap:
 garbage-first heap   total 122880K, used 55609K [0x0000000089600000, 0x0000000100000000)
  region size 1024K, 52 young (53248K), 6 survivors (6144K)
 Metaspace       used 20868K, committed 21184K, reserved 1114112K
  class space    used 2746K, committed 2880K, reserved 1048576K
GC Heap History (8 events):
Event: 0.374 GC heap before
{Heap before GC invocations=0 (full 0):
 garbage-first heap   total 122880K, used 22528K [0x0000000089600000, 0x0000000100000000)
  region size 1024K, 23 young (23552K), 0 survivors (0K)
 Metaspace       used 1814K, committed 2112K, reserved 1114112K
  class space    used 186K, committed 320K, reserved 1048576K
}
Event: 0.380 GC heap after
{Heap after GC invocations=1 (full 0):
 garbage-first heap   total 122880K, used 4064K [0x0000000089600000, 0x0000000100000000)
  region size 1024K, 3 young (3072K), 3 survivors (3072K)
 Metaspace       used 1814K, committed 2112K, reserved 1114112K
  class space    used 186K, committed 320K, reserved 1048576K
}
Event: 0.947 GC heap before
{Heap before GC invocations=1 (full 0):
 garbage-first heap   total 122880K, used 35808K [0x0000000089600000, 0x0000000100000000)
  region size 1024K, 34 young (34816K), 3 survivors (3072K)
 Metaspace       used 4006K, committed 4224K, reserved 1114112K
  class space    used 428K, committed 512K, reserved 1048576K
}
Event: 0.957 GC heap after
{Heap after GC invocations=2 (full 0):
 garbage-first heap   total 122880K, used 5679K [0x0000000089600000, 0x0000000100000000)
  region size 1024K, 2 young (2048K), 2 survivors (2048K)
 Metaspace       used 4006K, committed 4224K, reserved 1114112K
  class space    used 428K, committed 512K, reserved 1048576K
}
Event: 2.253 GC heap before
{Heap before GC invocations=2 (full 0):
 garbage-first heap   total 122880K, used 77359K [0x0000000089600000, 0x0000000100000000)
  region size 1024K, 72 young (73728K), 2 survivors (2048K)
 Metaspace       used 11639K, committed 11968K, reserved 1114112K
  class space    used 1406K, committed 1536K, reserved 1048576K
}
Event: 2.264 GC heap after
{Heap after GC invocations=3 (full 0):
 garbage-first heap   total 122880K, used 7896K [0x0000000089600000, 0x0000000100000000)
  region size 1024K, 4 young (4096K), 4 survivors (4096K)
 Metaspace       used 11639K, committed 11968K, reserved 1114112K
  class space    used 1406K, committed 1536K, reserved 1048576K
}
Event: 6.325 GC heap before
{Heap before GC invocations=3 (full 0):
 garbage-first heap   total 122880K, used 77528K [0x0000000089600000, 0x0000000100000000)
  region size 1024K, 72 young (73728K), 4 survivors (4096K)
 Metaspace       used 18003K, committed 18304K, reserved 1114112K
  class space    used 2262K, committed 2432K, reserved 1048576K
}
Event: 6.334 GC heap after
{Heap after GC invocations=4 (full 0):
 garbage-first heap   total 122880K, used 9529K [0x0000000089600000, 0x0000000100000000)
  region size 1024K, 6 young (6144K), 6 survivors (6144K)
 Metaspace       used 18003K, committed 18304K, reserved 1114112K
  class space    used 2262K, committed 2432K, reserved 1048576K
}

